(ARCTools Version 2.1.2)
 HexLoc     DecLoc    MachWord   Label        Instruction                Comment
                                                                         ! Macro PUSH
                                                                         !Macro POP
                                                                         
                                                                         ! Macro push_locals
                                                                         
                                                                         ! Macro pop_locals
                                                                         
                                              .org 0                     
                                              .equ 600                   ! Stack pointer
                                              .equ 6                     ! Fibonacci(N)
00000000  0000000000  9c002258                add %r0, 600, %r14         ! %r14 <- SP
00000004  0000000004  82002006                add %r0, 6, %r1            ! N in %r1
00000008  0000000008                          push %r1                   ! N op stack
00000008  0000000008  c2238000                st %r1, %r14               
0000000c  0000000012  9c83bffc                addcc %r14, -4, %r14       
00000010  0000000016  40000004                call 4                     
00000014  0000000020                          pop %r1                    ! resultaat in %r1
00000014  0000000020  9c83a004                addcc %r14, 4, %r14        
00000018  0000000024  c2038000                ld %r14, %r1               
                                                                         !	add %r14, 4,%r14	! N hoeft nu ook niet meer op de stack (aanpassen stack pointer)
0000001c  0000000028  ffffffff                halt                       
                                                                         
00000020  0000000032            fib:                                     
                                                                         ! Uitgangspunt dat de locale variabelen en N (vd aanroep) op de stack moeten worden geplaatst voordat de recursieve
                                                                         ! functie wordt aangeroepen. Na afloop deze variabele weer terugzetten in %r11 (=r1), %r12 (=r2) en %r13 (=res=r3)
00000024  0000000036                          push %r15                  ! terugkeeradres op de stack
00000024  0000000036  de238000                st %r15, %r14              
00000028  0000000040  9c83bffc                addcc %r14, -4, %r14       
0000002c  0000000044  c603a008                ld %r14, [8], %r3          ! ophalen van N van de stack; %r3 wordt gebruik voor N
                                                                         ! CASE 
                                                                         ! controleer op N=0, 1 of N>1 (verondersteld is dat N >= 0)
00000030  0000000048  8c80e000                addcc %r3, 0, %r6          ! als N is 0 of 1 staat het resultaat in %r6 
00000034  0000000052  02800036                be 54                      
00000038  0000000056  8080ffff                addcc %r3, -1, %r0         
0000003c  0000000060  02800034                be 52                      
                                                                         ! fib(N-1)
                                                                         ! Een recursieve aanroep. Nu plaatsen we N, r11, r12, r13 op de stack
00000000  0000000000                          push_locals                
00000040  0000000064                          push %r3                   
00000040  0000000064  c6238000                st %r3, %r14               
00000044  0000000068  9c83bffc                addcc %r14, -4, %r14       
00000048  0000000072                          push %r11                  
00000048  0000000072  d6238000                st %r11, %r14              
0000004c  0000000076  9c83bffc                addcc %r14, -4, %r14       
00000050  0000000080                          push %r12                  
00000050  0000000080  d8238000                st %r12, %r14              
00000054  0000000084  9c83bffc                addcc %r14, -4, %r14       
00000058  0000000088                          push %r13                  
00000058  0000000088  da238000                st %r13, %r14              
0000005c  0000000092  9c83bffc                addcc %r14, -4, %r14       
                                                                         ! we moeten de parameter N-1 meegeven.
00000060  0000000096  8680ffff                addcc %r3, -1, %r3         
00000064  0000000100                          push %r3                   
00000064  0000000100  c6238000                st %r3, %r14               
00000068  0000000104  9c83bffc                addcc %r14, -4, %r14       
0000006c  0000000108  7fffffed                call -19                   
00000070  0000000112                          pop %r5                    ! het resultaat even tijdelijk in %r5
00000070  0000000112  9c83a004                addcc %r14, 4, %r14        
00000074  0000000116  ca038000                ld %r14, %r5               
                                                                         ! terugzetten van de localen
00000000  0000000000                          pop_locals                 
00000078  0000000120                          pop %r13                   
00000078  0000000120  9c83a004                addcc %r14, 4, %r14        
0000007c  0000000124  da038000                ld %r14, %r13              
00000080  0000000128                          pop %r12                   
00000080  0000000128  9c83a004                addcc %r14, 4, %r14        
00000084  0000000132  d8038000                ld %r14, %r12              
00000088  0000000136                          pop %r11                   
00000088  0000000136  9c83a004                addcc %r14, 4, %r14        
0000008c  0000000140  d6038000                ld %r14, %r11              
00000090  0000000144                          pop %r3                    
00000090  0000000144  9c83a004                addcc %r14, 4, %r14        
00000094  0000000148  c6038000                ld %r14, %r3               
00000098  0000000152  96016000                add %r5, 0, %r11           ! r11=fib(N-1)
                                                                         ! fib(N-2)
                                                                         ! Een recursieve aanroep. Nu plaatsen we N, r11, r12, r13 op de stack
00000000  0000000000                          push_locals                
0000009c  0000000156                          push %r3                   
0000009c  0000000156  c6238000                st %r3, %r14               
000000a0  0000000160  9c83bffc                addcc %r14, -4, %r14       
000000a4  0000000164                          push %r11                  
000000a4  0000000164  d6238000                st %r11, %r14              
000000a8  0000000168  9c83bffc                addcc %r14, -4, %r14       
000000ac  0000000172                          push %r12                  
000000ac  0000000172  d8238000                st %r12, %r14              
000000b0  0000000176  9c83bffc                addcc %r14, -4, %r14       
000000b4  0000000180                          push %r13                  
000000b4  0000000180  da238000                st %r13, %r14              
000000b8  0000000184  9c83bffc                addcc %r14, -4, %r14       
                                                                         ! we moeten de parameter N-2 meegeven.
000000bc  0000000188  8680fffe                addcc %r3, -2, %r3         
000000c0  0000000192                          push %r3                   
000000c0  0000000192  c6238000                st %r3, %r14               
000000c4  0000000196  9c83bffc                addcc %r14, -4, %r14       
000000c8  0000000200  7fffffd6                call -42                   
000000cc  0000000204                          pop %r5                    ! het resultaat even tijdelijk in %r5
000000cc  0000000204  9c83a004                addcc %r14, 4, %r14        
000000d0  0000000208  ca038000                ld %r14, %r5               
                                                                         ! terugzetten van de localen
00000000  0000000000                          pop_locals                 
000000d4  0000000212                          pop %r13                   
000000d4  0000000212  9c83a004                addcc %r14, 4, %r14        
000000d8  0000000216  da038000                ld %r14, %r13              
000000dc  0000000220                          pop %r12                   
000000dc  0000000220  9c83a004                addcc %r14, 4, %r14        
000000e0  0000000224  d8038000                ld %r14, %r12              
000000e4  0000000228                          pop %r11                   
000000e4  0000000228  9c83a004                addcc %r14, 4, %r14        
000000e8  0000000232  d6038000                ld %r14, %r11              
000000ec  0000000236                          pop %r3                    
000000ec  0000000236  9c83a004                addcc %r14, 4, %r14        
000000f0  0000000240  c6038000                ld %r14, %r3               
000000f4  0000000244  98016000                add %r5, 0, %r12           ! r12=fib(N-2)
                                                                         ! fib(N-1)+fib(N-2)
000000f8  0000000248  9a02c00c                add %r11, %r12, %r13       
                                                                         ! Het resultaat (%r13) op de stack plaatsen op plaats van terugkeeradres 
000000fc  0000000252  da23a008                st %r13, %r14, [8]         
00000100  0000000256                          pop %r15                   ! terugkeeradres in %r15  
00000100  0000000256  9c83a004                addcc %r14, 4, %r14        
00000104  0000000260  de038000                ld %r14, %r15              
00000108  0000000264  81c3e004                jmpl %r15, 4, %r0          ! uit subroutine  
0000010c  0000000268            Nis01:                                   ! afronden; d.w.z. %r1 en %r15 terugplaatsen van de stack
                                                                         ! Het resultaat (%r6) op de stack plaatsen op plaats van terugkeeradres 
00000110  0000000272  cc23a008                st %r6, %r14, [8]          
00000114  0000000276                          pop %r15                   ! terugkeeradres in %r15  
00000114  0000000276  9c83a004                addcc %r14, 4, %r14        
00000118  0000000280  de038000                ld %r14, %r15              
0000011c  0000000284  81c3e004                jmpl %r15, 4, %r0          ! uit subroutine
00000120  0000000288  ffffffff                halt                       

--- Symbol Table ---
fib: 32
Nis01: 268
SP: 600
N: 6
